
25-11-2022 01:06:45 [main] INFO  c.m.S.SpringDemo2Application.logStarting - Starting SpringDemo2Application using Java 1.8.0_202 on DESKTOP-IAVCGJR with PID 14740 (C:\Users\mromo\OneDrive\Escritorio\Spring_demo2\target\classes started by mromo in C:\Users\mromo\OneDrive\Escritorio\Spring_demo2)
25-11-2022 01:06:45 [main] INFO  c.m.S.SpringDemo2Application.logStartupProfileInfo - No active profile set, falling back to 1 default profile: "default"
25-11-2022 01:06:48 [main] INFO  c.m.S.SpringDemo2Application.logStarted - Started SpringDemo2Application in 3.007 seconds (JVM running for 3.406)
25-11-2022 01:06:57 [http-nio-8080-exec-2] INFO  c.m.S.c.SeleniumScrapingController.obtenerSitiosWeb - GET|202
25-11-2022 01:06:57 [http-nio-8080-exec-2] INFO  c.m.S.c.SeleniumScrapingController.obtenerSitiosWeb - GET|200
25-11-2022 01:07:20 [http-nio-8080-exec-3] INFO  c.m.S.c.SeleniumScrapingController.save - POST|202|salcobrand
25-11-2022 01:07:20 [http-nio-8080-exec-3] INFO  c.m.S.c.SeleniumScrapingController.save - POST|200|salcobrand
25-11-2022 01:07:26 [http-nio-8080-exec-4] INFO  c.m.S.c.SeleniumScrapingController.obtenerSitiosWeb - GET|202
25-11-2022 01:07:26 [http-nio-8080-exec-4] INFO  c.m.S.c.SeleniumScrapingController.obtenerSitiosWeb - GET|200
25-11-2022 01:07:46 [http-nio-8080-exec-5] INFO  c.m.S.c.SeleniumScrapingController.eliminarSitioWeb - DELETE|202|eTj3rIQBzkulm3Jh7o5C
25-11-2022 01:07:46 [http-nio-8080-exec-5] INFO  c.m.S.c.SeleniumScrapingController.eliminarSitioWeb - DELETE|200|eTj3rIQBzkulm3Jh7o5C
25-11-2022 01:08:03 [http-nio-8080-exec-6] INFO  c.m.S.c.MedicamentoController.eliminarMedicamento - DELETE|202|@$@
25-11-2022 01:08:03 [http-nio-8080-exec-6] INFO  c.m.S.c.MedicamentoController.eliminarMedicamento - DELETE|200|@$@
25-11-2022 01:08:20 [http-nio-8080-exec-7] INFO  c.m.S.c.MedicamentoController.eliminarMedicamento - DELETE|202|@$@
25-11-2022 01:08:20 [http-nio-8080-exec-7] INFO  c.m.S.c.MedicamentoController.eliminarMedicamento - DELETE|200|@$@
25-11-2022 01:08:44 [http-nio-8080-exec-8] INFO  c.m.S.c.SeleniumScrapingController.obtenerSitioWeb - GET|202|userena.cl
25-11-2022 01:08:44 [http-nio-8080-exec-8] INFO  c.m.S.c.SeleniumScrapingController.obtenerSitioWeb - GET|200|userena.cl
25-11-2022 09:13:59 [main] INFO  c.m.S.SpringDemo2Application.logStarting - Starting SpringDemo2Application using Java 1.8.0_202 on DESKTOP-IAVCGJR with PID 3252 (C:\Users\mromo\OneDrive\Escritorio\Spring_demo2\target\classes started by mromo in C:\Users\mromo\OneDrive\Escritorio\Spring_demo2)
25-11-2022 09:13:59 [main] INFO  c.m.S.SpringDemo2Application.logStartupProfileInfo - No active profile set, falling back to 1 default profile: "default"
25-11-2022 09:14:03 [main] INFO  c.m.S.SpringDemo2Application.logStarted - Started SpringDemo2Application in 3.573 seconds (JVM running for 4.089)
25-11-2022 09:14:36 [http-nio-8080-exec-9] INFO  c.m.S.c.SeleniumScrapingController.obtenerSitiosWeb - GET|202
25-11-2022 09:14:36 [http-nio-8080-exec-9] INFO  c.m.S.c.SeleniumScrapingController.obtenerSitiosWeb - GET|200
25-11-2022 09:18:36 [main] INFO  c.m.S.SpringDemo2Application.logStarting - Starting SpringDemo2Application using Java 1.8.0_202 on DESKTOP-IAVCGJR with PID 11816 (C:\Users\mromo\OneDrive\Escritorio\Spring_demo2\target\classes started by mromo in C:\Users\mromo\OneDrive\Escritorio\Spring_demo2)
25-11-2022 09:18:36 [main] INFO  c.m.S.SpringDemo2Application.logStartupProfileInfo - No active profile set, falling back to 1 default profile: "default"
25-11-2022 09:18:38 [main] INFO  c.m.S.SpringDemo2Application.logStarted - Started SpringDemo2Application in 2.999 seconds (JVM running for 3.431)
25-11-2022 09:23:58 [http-nio-8080-exec-6] INFO  c.m.S.c.SeleniumScrapingController.save - POST|202|cruzverde
25-11-2022 09:23:58 [http-nio-8080-exec-6] INFO  c.m.S.c.SeleniumScrapingController.save - POST|200|cruzverde
25-11-2022 09:24:23 [http-nio-8080-exec-2] INFO  c.m.S.c.SeleniumScrapingController.obtenerSitiosWeb - GET|202
25-11-2022 09:24:23 [http-nio-8080-exec-2] INFO  c.m.S.c.SeleniumScrapingController.obtenerSitiosWeb - GET|200
25-11-2022 09:24:45 [http-nio-8080-exec-8] INFO  c.m.S.c.SeleniumScrapingController.scraping - GET|202
25-11-2022 09:24:45 [http-nio-8080-exec-9] INFO  c.m.S.c.SeleniumScrapingController.obtenerSitiosWeb - GET|202
25-11-2022 09:24:45 [http-nio-8080-exec-9] INFO  c.m.S.c.SeleniumScrapingController.obtenerSitiosWeb - GET|200
25-11-2022 09:25:54 [http-nio-8080-exec-8] INFO  c.m.S.c.SeleniumScrapingController.scraping - GET|200
25-11-2022 09:28:36 [http-nio-8080-exec-1] INFO  c.m.S.c.SeleniumScrapingController.obtenerSitiosWeb - GET|202
25-11-2022 09:28:36 [http-nio-8080-exec-1] INFO  c.m.S.c.SeleniumScrapingController.obtenerSitiosWeb - GET|200
25-11-2022 09:28:43 [http-nio-8080-exec-3] INFO  c.m.S.c.SeleniumScrapingController.eliminarSitioWeb - DELETE|202|CSZjrIQB4JmmF9G2Cbl9
25-11-2022 09:28:43 [http-nio-8080-exec-3] INFO  c.m.S.c.SeleniumScrapingController.eliminarSitioWeb - DELETE|200|CSZjrIQB4JmmF9G2Cbl9
25-11-2022 09:28:57 [main] INFO  c.m.S.SpringDemo2Application.logStarting - Starting SpringDemo2Application using Java 1.8.0_202 on DESKTOP-IAVCGJR with PID 3256 (C:\Users\mromo\OneDrive\Escritorio\Spring_demo2\target\classes started by mromo in C:\Users\mromo\OneDrive\Escritorio\Spring_demo2)
25-11-2022 09:28:57 [main] INFO  c.m.S.SpringDemo2Application.logStartupProfileInfo - No active profile set, falling back to 1 default profile: "default"
25-11-2022 09:28:59 [main] INFO  c.m.S.SpringDemo2Application.logStarted - Started SpringDemo2Application in 2.687 seconds (JVM running for 3.098)
25-11-2022 09:29:09 [http-nio-8080-exec-4] INFO  c.m.S.c.SeleniumScrapingController.obtenerSitiosWeb - GET|202
25-11-2022 09:29:09 [http-nio-8080-exec-4] INFO  c.m.S.c.SeleniumScrapingController.obtenerSitiosWeb - GET|200
25-11-2022 09:29:19 [http-nio-8080-exec-7] INFO  c.m.S.c.SeleniumScrapingController.eliminarSitioWeb - DELETE|202|CiZjrIQB4JmmF9G2Ork1
25-11-2022 09:29:19 [http-nio-8080-exec-7] INFO  c.m.S.c.SeleniumScrapingController.eliminarSitioWeb - DELETE|200|CiZjrIQB4JmmF9G2Ork1
25-11-2022 09:29:22 [http-nio-8080-exec-9] INFO  c.m.S.c.SeleniumScrapingController.save - POST|202|cruzverde
25-11-2022 09:29:22 [http-nio-8080-exec-9] INFO  c.m.S.c.SeleniumScrapingController.save - POST|200|cruzverde
25-11-2022 09:29:31 [http-nio-8080-exec-1] INFO  c.m.S.c.SeleniumScrapingController.obtenerSitiosWeb - GET|202
25-11-2022 09:29:31 [http-nio-8080-exec-1] INFO  c.m.S.c.SeleniumScrapingController.obtenerSitiosWeb - GET|200
25-11-2022 09:29:48 [http-nio-8080-exec-6] INFO  c.m.S.c.SeleniumScrapingController.eliminarSitioWeb - DELETE|202|B2y-roQBDHk8jB9wnhyu
25-11-2022 09:29:48 [http-nio-8080-exec-6] INFO  c.m.S.c.SeleniumScrapingController.eliminarSitioWeb - DELETE|200|B2y-roQBDHk8jB9wnhyu
25-11-2022 09:29:54 [http-nio-8080-exec-8] INFO  c.m.S.c.SeleniumScrapingController.obtenerSitiosWeb - GET|202
25-11-2022 09:29:54 [http-nio-8080-exec-8] INFO  c.m.S.c.SeleniumScrapingController.obtenerSitiosWeb - GET|200
25-11-2022 09:30:02 [http-nio-8080-exec-2] INFO  c.m.S.c.SeleniumScrapingController.eliminarSitioWeb - DELETE|202|CCZirIQB4JmmF9G2obkT
25-11-2022 09:30:02 [http-nio-8080-exec-2] INFO  c.m.S.c.SeleniumScrapingController.eliminarSitioWeb - DELETE|200|CCZirIQB4JmmF9G2obkT
25-11-2022 09:30:09 [http-nio-8080-exec-3] INFO  c.m.S.c.SeleniumScrapingController.eliminarSitioWeb - DELETE|202|ByZgrIQB4JmmF9G2hrmF
25-11-2022 09:30:09 [http-nio-8080-exec-3] INFO  c.m.S.c.SeleniumScrapingController.eliminarSitioWeb - DELETE|200|ByZgrIQB4JmmF9G2hrmF
25-11-2022 09:30:14 [http-nio-8080-exec-5] INFO  c.m.S.c.SeleniumScrapingController.obtenerSitiosWeb - GET|202
25-11-2022 09:30:14 [http-nio-8080-exec-5] INFO  c.m.S.c.SeleniumScrapingController.obtenerSitiosWeb - GET|200
25-11-2022 09:30:27 [http-nio-8080-exec-9] INFO  c.m.S.c.SeleniumScrapingController.scraping - GET|202
25-11-2022 09:30:27 [http-nio-8080-exec-10] INFO  c.m.S.c.SeleniumScrapingController.obtenerSitiosWeb - GET|202
25-11-2022 09:30:27 [http-nio-8080-exec-10] INFO  c.m.S.c.SeleniumScrapingController.obtenerSitiosWeb - GET|200
25-11-2022 09:30:32 [http-nio-8080-exec-9] INFO  c.m.S.c.SeleniumScrapingController.scraping - GET|200
25-11-2022 09:33:22 [http-nio-8080-exec-10] INFO  c.m.S.c.SeleniumScrapingController.obtenerSitiosWeb - GET|202
25-11-2022 09:33:22 [http-nio-8080-exec-10] INFO  c.m.S.c.SeleniumScrapingController.obtenerSitiosWeb - GET|200
25-11-2022 09:33:29 [http-nio-8080-exec-9] INFO  c.m.S.c.SeleniumScrapingController.eliminarSitioWeb - DELETE|202|A2zDroQBDHk8jB9wj0xr
25-11-2022 09:33:29 [http-nio-8080-exec-9] INFO  c.m.S.c.SeleniumScrapingController.eliminarSitioWeb - DELETE|200|A2zDroQBDHk8jB9wj0xr
25-11-2022 09:34:33 [http-nio-8080-exec-7] INFO  c.m.S.c.SeleniumScrapingController.save - POST|202|cruzverde
25-11-2022 09:34:33 [http-nio-8080-exec-7] INFO  c.m.S.c.SeleniumScrapingController.save - POST|200|cruzverde
25-11-2022 09:34:36 [http-nio-8080-exec-10] INFO  c.m.S.c.SeleniumScrapingController.obtenerSitiosWeb - GET|202
25-11-2022 09:34:36 [http-nio-8080-exec-10] INFO  c.m.S.c.SeleniumScrapingController.obtenerSitiosWeb - GET|200
25-11-2022 09:34:43 [http-nio-8080-exec-9] INFO  c.m.S.c.SeleniumScrapingController.scraping - GET|202
25-11-2022 09:34:43 [http-nio-8080-exec-1] INFO  c.m.S.c.SeleniumScrapingController.obtenerSitiosWeb - GET|202
25-11-2022 09:34:43 [http-nio-8080-exec-1] INFO  c.m.S.c.SeleniumScrapingController.obtenerSitiosWeb - GET|200
25-11-2022 09:34:47 [http-nio-8080-exec-9] INFO  c.m.S.c.SeleniumScrapingController.scraping - GET|200
25-11-2022 09:36:58 [http-nio-8080-exec-9] INFO  c.m.S.c.SeleniumScrapingController.save - POST|202|cruzverde
25-11-2022 09:36:58 [http-nio-8080-exec-9] INFO  c.m.S.c.SeleniumScrapingController.save - POST|200|cruzverde
25-11-2022 09:37:00 [http-nio-8080-exec-4] INFO  c.m.S.c.SeleniumScrapingController.obtenerSitiosWeb - GET|202
25-11-2022 09:37:00 [http-nio-8080-exec-4] INFO  c.m.S.c.SeleniumScrapingController.obtenerSitiosWeb - GET|200
25-11-2022 09:37:10 [http-nio-8080-exec-7] INFO  c.m.S.c.SeleniumScrapingController.eliminarSitioWeb - DELETE|202|QWzIroQBDHk8jB9wT2gh
25-11-2022 09:37:10 [http-nio-8080-exec-7] INFO  c.m.S.c.SeleniumScrapingController.eliminarSitioWeb - DELETE|200|QWzIroQBDHk8jB9wT2gh
25-11-2022 09:37:12 [http-nio-8080-exec-10] INFO  c.m.S.c.SeleniumScrapingController.scraping - GET|202
25-11-2022 09:37:12 [http-nio-8080-exec-2] INFO  c.m.S.c.SeleniumScrapingController.obtenerSitiosWeb - GET|202
25-11-2022 09:37:12 [http-nio-8080-exec-2] INFO  c.m.S.c.SeleniumScrapingController.obtenerSitiosWeb - GET|200
25-11-2022 09:37:17 [http-nio-8080-exec-10] INFO  c.m.S.c.SeleniumScrapingController.scraping - GET|200
25-11-2022 09:40:23 [http-nio-8080-exec-3] INFO  c.m.S.c.SeleniumScrapingController.obtenerSitiosWeb - GET|202
25-11-2022 09:40:23 [http-nio-8080-exec-3] INFO  c.m.S.c.SeleniumScrapingController.obtenerSitiosWeb - GET|200
25-11-2022 09:40:29 [http-nio-8080-exec-4] INFO  c.m.S.c.SeleniumScrapingController.eliminarSitioWeb - DELETE|202|3WzKroQBDHk8jB9wg3iR
25-11-2022 09:40:29 [http-nio-8080-exec-4] INFO  c.m.S.c.SeleniumScrapingController.eliminarSitioWeb - DELETE|200|3WzKroQBDHk8jB9wg3iR
25-11-2022 09:40:31 [http-nio-8080-exec-5] INFO  c.m.S.c.SeleniumScrapingController.obtenerSitiosWeb - GET|202
25-11-2022 09:40:31 [http-nio-8080-exec-5] INFO  c.m.S.c.SeleniumScrapingController.obtenerSitiosWeb - GET|200
25-11-2022 09:40:33 [http-nio-8080-exec-8] INFO  c.m.S.c.SeleniumScrapingController.save - POST|202|farmaciasahumada
25-11-2022 09:40:33 [http-nio-8080-exec-8] INFO  c.m.S.c.SeleniumScrapingController.save - POST|200|farmaciasahumada
25-11-2022 09:40:38 [http-nio-8080-exec-2] INFO  c.m.S.c.SeleniumScrapingController.obtenerSitiosWeb - GET|202
25-11-2022 09:40:38 [http-nio-8080-exec-2] INFO  c.m.S.c.SeleniumScrapingController.obtenerSitiosWeb - GET|200
25-11-2022 09:41:01 [http-nio-8080-exec-4] INFO  c.m.S.c.SeleniumScrapingController.obtenerSitiosWeb - GET|202
25-11-2022 09:41:01 [http-nio-8080-exec-4] INFO  c.m.S.c.SeleniumScrapingController.obtenerSitiosWeb - GET|200
25-11-2022 09:41:04 [http-nio-8080-exec-6] INFO  c.m.S.c.SeleniumScrapingController.scraping - GET|202
25-11-2022 09:41:04 [http-nio-8080-exec-8] INFO  c.m.S.c.SeleniumScrapingController.obtenerSitiosWeb - GET|202
25-11-2022 09:41:04 [http-nio-8080-exec-8] INFO  c.m.S.c.SeleniumScrapingController.obtenerSitiosWeb - GET|200
25-11-2022 09:41:12 [http-nio-8080-exec-6] INFO  c.m.S.c.SeleniumScrapingController.scraping - GET|200
25-11-2022 09:43:43 [http-nio-8080-exec-9] INFO  c.m.S.c.SeleniumScrapingController.save - POST|202|farmaciasahumada
25-11-2022 09:43:43 [http-nio-8080-exec-9] INFO  c.m.S.c.SeleniumScrapingController.save - POST|200|farmaciasahumada
25-11-2022 09:43:45 [http-nio-8080-exec-4] INFO  c.m.S.c.SeleniumScrapingController.obtenerSitiosWeb - GET|202
25-11-2022 09:43:46 [http-nio-8080-exec-4] INFO  c.m.S.c.SeleniumScrapingController.obtenerSitiosWeb - GET|200
25-11-2022 09:43:54 [http-nio-8080-exec-7] INFO  c.m.S.c.SeleniumScrapingController.eliminarSitioWeb - DELETE|202|2GzNroQBDHk8jB9wzJOX
25-11-2022 09:43:54 [http-nio-8080-exec-7] INFO  c.m.S.c.SeleniumScrapingController.eliminarSitioWeb - DELETE|200|2GzNroQBDHk8jB9wzJOX
25-11-2022 09:43:56 [http-nio-8080-exec-6] INFO  c.m.S.c.SeleniumScrapingController.scraping - GET|202
25-11-2022 09:43:56 [http-nio-8080-exec-1] INFO  c.m.S.c.SeleniumScrapingController.obtenerSitiosWeb - GET|202
25-11-2022 09:43:56 [http-nio-8080-exec-1] INFO  c.m.S.c.SeleniumScrapingController.obtenerSitiosWeb - GET|200
25-11-2022 09:44:05 [http-nio-8080-exec-6] INFO  c.m.S.c.SeleniumScrapingController.scraping - GET|200
25-11-2022 09:50:16 [http-nio-8080-exec-1] INFO  c.m.S.c.SeleniumScrapingController.save - POST|202|farmaciasahumada
25-11-2022 09:50:16 [http-nio-8080-exec-1] INFO  c.m.S.c.SeleniumScrapingController.save - POST|200|farmaciasahumada
25-11-2022 09:50:20 [http-nio-8080-exec-6] INFO  c.m.S.c.SeleniumScrapingController.obtenerSitiosWeb - GET|202
25-11-2022 09:50:20 [http-nio-8080-exec-6] INFO  c.m.S.c.SeleniumScrapingController.obtenerSitiosWeb - GET|200
25-11-2022 09:50:30 [http-nio-8080-exec-4] INFO  c.m.S.c.SeleniumScrapingController.eliminarSitioWeb - DELETE|202|e2zQroQBDHk8jB9wsKsj
25-11-2022 09:50:30 [http-nio-8080-exec-4] INFO  c.m.S.c.SeleniumScrapingController.eliminarSitioWeb - DELETE|200|e2zQroQBDHk8jB9wsKsj
25-11-2022 09:50:33 [http-nio-8080-exec-8] INFO  c.m.S.c.SeleniumScrapingController.scraping - GET|202
25-11-2022 09:50:33 [http-nio-8080-exec-7] INFO  c.m.S.c.SeleniumScrapingController.obtenerSitiosWeb - GET|202
25-11-2022 09:50:33 [http-nio-8080-exec-7] INFO  c.m.S.c.SeleniumScrapingController.obtenerSitiosWeb - GET|200
25-11-2022 09:50:42 [http-nio-8080-exec-8] INFO  c.m.S.c.SeleniumScrapingController.scraping - GET|200
25-11-2022 09:53:58 [http-nio-8080-exec-3] INFO  c.m.S.c.SeleniumScrapingController.save - POST|202|farmaciasahumada
25-11-2022 09:53:58 [http-nio-8080-exec-3] INFO  c.m.S.c.SeleniumScrapingController.save - POST|200|farmaciasahumada
25-11-2022 09:54:00 [http-nio-8080-exec-9] INFO  c.m.S.c.SeleniumScrapingController.obtenerSitiosWeb - GET|202
25-11-2022 09:54:00 [http-nio-8080-exec-9] INFO  c.m.S.c.SeleniumScrapingController.obtenerSitiosWeb - GET|200
25-11-2022 09:54:09 [http-nio-8080-exec-7] INFO  c.m.S.c.SeleniumScrapingController.eliminarSitioWeb - DELETE|202|JmzWroQBDHk8jB9wscTp
25-11-2022 09:54:09 [http-nio-8080-exec-7] INFO  c.m.S.c.SeleniumScrapingController.eliminarSitioWeb - DELETE|200|JmzWroQBDHk8jB9wscTp
25-11-2022 09:54:12 [http-nio-8080-exec-1] INFO  c.m.S.c.SeleniumScrapingController.obtenerSitiosWeb - GET|202
25-11-2022 09:54:12 [http-nio-8080-exec-1] INFO  c.m.S.c.SeleniumScrapingController.obtenerSitiosWeb - GET|200
25-11-2022 09:54:15 [http-nio-8080-exec-8] INFO  c.m.S.c.SeleniumScrapingController.scraping - GET|202
25-11-2022 09:54:15 [http-nio-8080-exec-10] INFO  c.m.S.c.SeleniumScrapingController.obtenerSitiosWeb - GET|202
25-11-2022 09:54:15 [http-nio-8080-exec-10] INFO  c.m.S.c.SeleniumScrapingController.obtenerSitiosWeb - GET|200
25-11-2022 09:54:24 [http-nio-8080-exec-8] INFO  c.m.S.c.SeleniumScrapingController.scraping - GET|200
25-11-2022 09:55:43 [http-nio-8080-exec-8] INFO  c.m.S.c.SeleniumScrapingController.save - POST|202|farmaciasahumada
25-11-2022 09:55:43 [http-nio-8080-exec-8] INFO  c.m.S.c.SeleniumScrapingController.save - POST|200|farmaciasahumada
25-11-2022 09:55:46 [http-nio-8080-exec-9] INFO  c.m.S.c.SeleniumScrapingController.obtenerSitiosWeb - GET|202
25-11-2022 09:55:46 [http-nio-8080-exec-9] INFO  c.m.S.c.SeleniumScrapingController.obtenerSitiosWeb - GET|200
25-11-2022 09:55:52 [http-nio-8080-exec-7] INFO  c.m.S.c.SeleniumScrapingController.eliminarSitioWeb - DELETE|202|iWzaroQBDHk8jB9wFdLQ
25-11-2022 09:55:52 [http-nio-8080-exec-7] INFO  c.m.S.c.SeleniumScrapingController.eliminarSitioWeb - DELETE|200|iWzaroQBDHk8jB9wFdLQ
25-11-2022 09:55:54 [http-nio-8080-exec-2] INFO  c.m.S.c.SeleniumScrapingController.scraping - GET|202
25-11-2022 09:55:54 [http-nio-8080-exec-1] INFO  c.m.S.c.SeleniumScrapingController.obtenerSitiosWeb - GET|202
25-11-2022 09:55:54 [http-nio-8080-exec-1] INFO  c.m.S.c.SeleniumScrapingController.obtenerSitiosWeb - GET|200
25-11-2022 09:56:19 [http-nio-8080-exec-2] INFO  c.m.S.c.SeleniumScrapingController.scraping - GET|200
25-11-2022 09:57:05 [http-nio-8080-exec-4] INFO  c.m.S.c.SeleniumScrapingController.save - POST|202|farmaciasahumada
25-11-2022 09:57:05 [http-nio-8080-exec-4] INFO  c.m.S.c.SeleniumScrapingController.save - POST|200|farmaciasahumada
25-11-2022 09:57:08 [http-nio-8080-exec-7] INFO  c.m.S.c.SeleniumScrapingController.obtenerSitiosWeb - GET|202
25-11-2022 09:57:08 [http-nio-8080-exec-7] INFO  c.m.S.c.SeleniumScrapingController.obtenerSitiosWeb - GET|200
25-11-2022 09:57:14 [http-nio-8080-exec-10] INFO  c.m.S.c.SeleniumScrapingController.eliminarSitioWeb - DELETE|202|WWzbroQBDHk8jB9wrttj
25-11-2022 09:57:14 [http-nio-8080-exec-10] INFO  c.m.S.c.SeleniumScrapingController.eliminarSitioWeb - DELETE|200|WWzbroQBDHk8jB9wrttj
25-11-2022 09:57:15 [http-nio-8080-exec-6] INFO  c.m.S.c.SeleniumScrapingController.obtenerSitiosWeb - GET|202
25-11-2022 09:57:15 [http-nio-8080-exec-6] INFO  c.m.S.c.SeleniumScrapingController.obtenerSitiosWeb - GET|200
25-11-2022 09:57:26 [http-nio-8080-exec-9] INFO  c.m.S.c.SeleniumScrapingController.scraping - GET|202
25-11-2022 09:57:26 [http-nio-8080-exec-2] INFO  c.m.S.c.SeleniumScrapingController.obtenerSitiosWeb - GET|202
25-11-2022 09:57:26 [http-nio-8080-exec-2] INFO  c.m.S.c.SeleniumScrapingController.obtenerSitiosWeb - GET|200
25-11-2022 09:57:35 [http-nio-8080-exec-9] INFO  c.m.S.c.SeleniumScrapingController.scraping - GET|200
25-11-2022 09:57:49 [http-nio-8080-exec-6] INFO  c.m.S.c.SeleniumScrapingController.save - POST|202|farmaciasahumada
25-11-2022 09:57:49 [http-nio-8080-exec-6] INFO  c.m.S.c.SeleniumScrapingController.save - POST|200|farmaciasahumada
25-11-2022 09:57:51 [http-nio-8080-exec-3] INFO  c.m.S.c.SeleniumScrapingController.obtenerSitiosWeb - GET|202
25-11-2022 09:57:51 [http-nio-8080-exec-3] INFO  c.m.S.c.SeleniumScrapingController.obtenerSitiosWeb - GET|200
25-11-2022 09:58:00 [http-nio-8080-exec-4] INFO  c.m.S.c.SeleniumScrapingController.eliminarSitioWeb - DELETE|202|O2zcroQBDHk8jB9w7-N-
25-11-2022 09:58:00 [http-nio-8080-exec-4] INFO  c.m.S.c.SeleniumScrapingController.eliminarSitioWeb - DELETE|200|O2zcroQBDHk8jB9w7-N-
25-11-2022 09:58:07 [http-nio-8080-exec-7] INFO  c.m.S.c.SeleniumScrapingController.scraping - GET|202
25-11-2022 09:58:07 [http-nio-8080-exec-1] INFO  c.m.S.c.SeleniumScrapingController.obtenerSitiosWeb - GET|202
25-11-2022 09:58:07 [http-nio-8080-exec-1] INFO  c.m.S.c.SeleniumScrapingController.obtenerSitiosWeb - GET|200
25-11-2022 09:58:17 [http-nio-8080-exec-7] INFO  c.m.S.c.SeleniumScrapingController.scraping - GET|200
25-11-2022 09:59:16 [http-nio-8080-exec-2] INFO  c.m.S.c.SeleniumScrapingController.save - POST|202|farmaciasahumada
25-11-2022 09:59:16 [http-nio-8080-exec-2] INFO  c.m.S.c.SeleniumScrapingController.save - POST|200|farmaciasahumada
25-11-2022 09:59:19 [http-nio-8080-exec-5] INFO  c.m.S.c.SeleniumScrapingController.obtenerSitiosWeb - GET|202
25-11-2022 09:59:19 [http-nio-8080-exec-5] INFO  c.m.S.c.SeleniumScrapingController.obtenerSitiosWeb - GET|200
25-11-2022 09:59:28 [http-nio-8080-exec-10] INFO  c.m.S.c.SeleniumScrapingController.eliminarSitioWeb - DELETE|202|QmzdroQBDHk8jB9wmeZD
25-11-2022 09:59:28 [http-nio-8080-exec-10] INFO  c.m.S.c.SeleniumScrapingController.eliminarSitioWeb - DELETE|200|QmzdroQBDHk8jB9wmeZD
25-11-2022 09:59:29 [http-nio-8080-exec-6] INFO  c.m.S.c.SeleniumScrapingController.obtenerSitiosWeb - GET|202
25-11-2022 09:59:29 [http-nio-8080-exec-6] INFO  c.m.S.c.SeleniumScrapingController.obtenerSitiosWeb - GET|200
25-11-2022 10:00:19 [http-nio-8080-exec-7] INFO  c.m.S.c.SeleniumScrapingController.save - POST|202|farmaciasahumada
25-11-2022 10:00:19 [http-nio-8080-exec-7] INFO  c.m.S.c.SeleniumScrapingController.save - POST|200|farmaciasahumada
25-11-2022 10:00:21 [http-nio-8080-exec-3] INFO  c.m.S.c.SeleniumScrapingController.scraping - GET|202
25-11-2022 10:00:21 [http-nio-8080-exec-8] INFO  c.m.S.c.SeleniumScrapingController.obtenerSitiosWeb - GET|202
25-11-2022 10:00:21 [http-nio-8080-exec-8] INFO  c.m.S.c.SeleniumScrapingController.obtenerSitiosWeb - GET|200
25-11-2022 10:01:16 [http-nio-8080-exec-3] INFO  c.m.S.c.SeleniumScrapingController.scraping - GET|200
25-11-2022 10:02:02 [http-nio-8080-exec-5] INFO  c.m.S.c.SeleniumScrapingController.obtenerSitiosWeb - GET|202
25-11-2022 10:02:02 [http-nio-8080-exec-5] INFO  c.m.S.c.SeleniumScrapingController.obtenerSitiosWeb - GET|200
25-11-2022 10:02:27 [http-nio-8080-exec-8] INFO  c.m.S.c.SeleniumScrapingController.save - POST|202|farmaciasahumada
25-11-2022 10:02:27 [http-nio-8080-exec-8] INFO  c.m.S.c.SeleniumScrapingController.save - POST|200|farmaciasahumada
25-11-2022 10:03:06 [http-nio-8080-exec-7] INFO  c.m.S.c.SeleniumScrapingController.save - POST|202|farmaciasahumada
25-11-2022 10:03:06 [http-nio-8080-exec-7] INFO  c.m.S.c.SeleniumScrapingController.save - POST|200|farmaciasahumada
25-11-2022 10:04:08 [http-nio-8080-exec-9] INFO  c.m.S.c.SeleniumScrapingController.obtenerSitiosWeb - GET|202
25-11-2022 10:04:08 [http-nio-8080-exec-9] INFO  c.m.S.c.SeleniumScrapingController.obtenerSitiosWeb - GET|200
25-11-2022 10:04:42 [http-nio-8080-exec-4] INFO  c.m.S.c.SeleniumScrapingController.save - POST|202|farmaciasahumada
25-11-2022 10:04:42 [http-nio-8080-exec-4] INFO  c.m.S.c.SeleniumScrapingController.save - POST|200|farmaciasahumada
25-11-2022 10:05:06 [http-nio-8080-exec-6] INFO  c.m.S.c.SeleniumScrapingController.save - POST|202|salcobrand
25-11-2022 10:05:06 [http-nio-8080-exec-6] INFO  c.m.S.c.SeleniumScrapingController.save - POST|200|salcobrand
25-11-2022 10:05:19 [http-nio-8080-exec-4] INFO  c.m.S.c.SeleniumScrapingController.save - POST|202|salcobrand
25-11-2022 10:05:19 [http-nio-8080-exec-4] INFO  c.m.S.c.SeleniumScrapingController.save - POST|200|salcobrand
25-11-2022 10:05:38 [http-nio-8080-exec-10] INFO  c.m.S.c.SeleniumScrapingController.save - POST|202|salcobrand
25-11-2022 10:05:38 [http-nio-8080-exec-10] INFO  c.m.S.c.SeleniumScrapingController.save - POST|200|salcobrand
25-11-2022 10:05:49 [http-nio-8080-exec-8] INFO  c.m.S.c.SeleniumScrapingController.save - POST|202|salcobrand
25-11-2022 10:05:49 [http-nio-8080-exec-8] INFO  c.m.S.c.SeleniumScrapingController.save - POST|200|salcobrand
25-11-2022 10:05:51 [http-nio-8080-exec-2] INFO  c.m.S.c.SeleniumScrapingController.obtenerSitiosWeb - GET|202
25-11-2022 10:05:51 [http-nio-8080-exec-2] INFO  c.m.S.c.SeleniumScrapingController.obtenerSitiosWeb - GET|200
25-11-2022 10:06:16 [http-nio-8080-exec-10] INFO  c.m.S.c.SeleniumScrapingController.obtenerSitioWeb - GET|202|salcobrand
25-11-2022 10:06:16 [http-nio-8080-exec-10] INFO  c.m.S.c.SeleniumScrapingController.obtenerSitioWeb - GET|200|salcobrand
25-11-2022 10:06:41 [http-nio-8080-exec-3] INFO  c.m.S.c.SeleniumScrapingController.scraping - GET|202
25-11-2022 10:06:41 [http-nio-8080-exec-5] INFO  c.m.S.c.SeleniumScrapingController.obtenerSitiosWeb - GET|202
25-11-2022 10:06:41 [http-nio-8080-exec-5] INFO  c.m.S.c.SeleniumScrapingController.obtenerSitiosWeb - GET|200
25-11-2022 10:09:56 [http-nio-8080-exec-3] INFO  c.m.S.c.SeleniumScrapingController.scraping - GET|200
25-11-2022 10:19:38 [main] INFO  c.m.S.SpringDemo2Application.logStarting - Starting SpringDemo2Application using Java 1.8.0_202 on DESKTOP-IAVCGJR with PID 17900 (C:\Users\mromo\OneDrive\Escritorio\Spring_demo2\target\classes started by mromo in C:\Users\mromo\OneDrive\Escritorio\Spring_demo2)
25-11-2022 10:19:38 [main] INFO  c.m.S.SpringDemo2Application.logStartupProfileInfo - No active profile set, falling back to 1 default profile: "default"
25-11-2022 10:19:41 [main] INFO  c.m.S.SpringDemo2Application.logStarted - Started SpringDemo2Application in 2.691 seconds (JVM running for 3.137)
25-11-2022 10:19:50 [http-nio-8080-exec-5] INFO  c.m.S.c.MedicamentoController.obtenerMedicamentos - GET|202
25-11-2022 10:19:50 [http-nio-8080-exec-5] INFO  c.m.S.c.MedicamentoController.obtenerMedicamentos - GET|200
25-11-2022 10:20:05 [http-nio-8080-exec-9] INFO  c.m.S.c.SeleniumScrapingController.obtenerSitiosWeb - GET|202
25-11-2022 10:20:05 [http-nio-8080-exec-9] INFO  c.m.S.c.SeleniumScrapingController.obtenerSitiosWeb - GET|200
25-11-2022 10:21:01 [http-nio-8080-exec-1] INFO  c.m.S.c.SeleniumScrapingController.scraping - GET|202
25-11-2022 10:21:01 [http-nio-8080-exec-2] INFO  c.m.S.c.SeleniumScrapingController.obtenerSitiosWeb - GET|202
25-11-2022 10:21:01 [http-nio-8080-exec-2] INFO  c.m.S.c.SeleniumScrapingController.obtenerSitiosWeb - GET|200
25-11-2022 10:23:50 [http-nio-8080-exec-1] INFO  c.m.S.c.SeleniumScrapingController.scraping - GET|200
25-11-2022 10:24:21 [http-nio-8080-exec-8] INFO  c.m.S.c.MedicamentoController.obtenerMedicamentos - GET|202
25-11-2022 10:24:21 [http-nio-8080-exec-8] INFO  c.m.S.c.MedicamentoController.obtenerMedicamentos - GET|200
25-11-2022 10:26:08 [http-nio-8080-exec-2] INFO  c.m.S.c.MedicamentoController.obtenerMedicamentoPorNombre - GET|202|multiflora
25-11-2022 10:26:08 [http-nio-8080-exec-2] INFO  c.m.S.c.MedicamentoController.obtenerMedicamentoPorNombre - GET|200|multiflora
25-11-2022 10:26:34 [http-nio-8080-exec-8] INFO  c.m.S.c.MedicamentoController.obtenerMedicamentoPorNombre - GET|202|osteofix
25-11-2022 10:26:34 [http-nio-8080-exec-8] INFO  c.m.S.c.MedicamentoController.obtenerMedicamentoPorNombre - GET|200|osteofix
25-11-2022 10:26:38 [http-nio-8080-exec-10] INFO  c.m.S.c.MedicamentoController.obtenerMedicamentoPorNombre - GET|202|osteo
25-11-2022 10:26:38 [http-nio-8080-exec-10] INFO  c.m.S.c.MedicamentoController.obtenerMedicamentoPorNombre - GET|200|osteo
25-11-2022 10:26:40 [http-nio-8080-exec-2] INFO  c.m.S.c.MedicamentoController.obtenerMedicamentoPorNombre - GET|202|oste
25-11-2022 10:26:40 [http-nio-8080-exec-2] INFO  c.m.S.c.MedicamentoController.obtenerMedicamentoPorNombre - GET|200|oste
25-11-2022 10:26:41 [http-nio-8080-exec-3] INFO  c.m.S.c.MedicamentoController.obtenerMedicamentoPorNombre - GET|202|ost
25-11-2022 10:26:41 [http-nio-8080-exec-3] INFO  c.m.S.c.MedicamentoController.obtenerMedicamentoPorNombre - GET|200|ost
25-11-2022 10:26:42 [http-nio-8080-exec-4] INFO  c.m.S.c.MedicamentoController.obtenerMedicamentoPorNombre - GET|202|os
25-11-2022 10:26:42 [http-nio-8080-exec-4] INFO  c.m.S.c.MedicamentoController.obtenerMedicamentoPorNombre - GET|200|os
25-11-2022 10:26:43 [http-nio-8080-exec-5] INFO  c.m.S.c.MedicamentoController.obtenerMedicamentoPorNombre - GET|202|o
25-11-2022 10:26:43 [http-nio-8080-exec-5] INFO  c.m.S.c.MedicamentoController.obtenerMedicamentoPorNombre - GET|200|o
25-11-2022 10:26:44 [http-nio-8080-exec-6] INFO  c.m.S.c.MedicamentoController.obtenerMedicamentos - GET|202
25-11-2022 10:26:44 [http-nio-8080-exec-6] INFO  c.m.S.c.MedicamentoController.obtenerMedicamentos - GET|200
25-11-2022 10:27:05 [http-nio-8080-exec-2] INFO  c.m.S.c.MedicamentoController.obtenerMedicamentoPorNombre - GET|202|ketoprofeno
25-11-2022 10:27:05 [http-nio-8080-exec-2] INFO  c.m.S.c.MedicamentoController.obtenerMedicamentoPorNombre - GET|200|ketoprofeno
25-11-2022 10:27:17 [http-nio-8080-exec-5] INFO  c.m.S.c.MedicamentoController.obtenerMedicamentoPorNombre - GET|202|multiflora
25-11-2022 10:27:17 [http-nio-8080-exec-5] INFO  c.m.S.c.MedicamentoController.obtenerMedicamentoPorNombre - GET|200|multiflora
25-11-2022 10:55:25 [http-nio-8080-exec-4] INFO  c.m.S.c.SeleniumScrapingController.scraping - GET|202
25-11-2022 10:55:25 [http-nio-8080-exec-5] INFO  c.m.S.c.SeleniumScrapingController.obtenerSitiosWeb - GET|202
25-11-2022 10:55:25 [http-nio-8080-exec-5] INFO  c.m.S.c.SeleniumScrapingController.obtenerSitiosWeb - GET|200
25-11-2022 10:55:39 [http-nio-8080-exec-4] INFO  c.m.S.c.SeleniumScrapingController.scraping - GET|200
25-11-2022 10:56:51 [main] INFO  c.m.S.SpringDemo2Application.logStarting - Starting SpringDemo2Application using Java 1.8.0_202 on DESKTOP-IAVCGJR with PID 18392 (C:\Users\mromo\OneDrive\Escritorio\Spring_demo2\target\classes started by mromo in C:\Users\mromo\OneDrive\Escritorio\Spring_demo2)
25-11-2022 10:56:51 [main] INFO  c.m.S.SpringDemo2Application.logStartupProfileInfo - No active profile set, falling back to 1 default profile: "default"
25-11-2022 10:56:54 [main] INFO  c.m.S.SpringDemo2Application.logStarted - Started SpringDemo2Application in 2.704 seconds (JVM running for 3.189)
25-11-2022 10:57:01 [http-nio-8080-exec-7] INFO  c.m.S.c.SeleniumScrapingController.scraping - GET|202
25-11-2022 10:57:01 [http-nio-8080-exec-8] INFO  c.m.S.c.SeleniumScrapingController.obtenerSitiosWeb - GET|202
25-11-2022 10:57:01 [http-nio-8080-exec-8] INFO  c.m.S.c.SeleniumScrapingController.obtenerSitiosWeb - GET|200
25-11-2022 11:00:34 [http-nio-8080-exec-7] INFO  c.m.S.c.SeleniumScrapingController.scraping - GET|200
25-11-2022 12:18:17 [main] INFO  c.m.S.SpringDemo2Application.logStarting - Starting SpringDemo2Application using Java 1.8.0_202 on DESKTOP-IAVCGJR with PID 15860 (C:\Users\mromo\OneDrive\Escritorio\Spring_demo2\target\classes started by mromo in C:\Users\mromo\OneDrive\Escritorio\Spring_demo2)
25-11-2022 12:18:17 [main] INFO  c.m.S.SpringDemo2Application.logStartupProfileInfo - No active profile set, falling back to 1 default profile: "default"
25-11-2022 12:18:19 [main] INFO  c.m.S.SpringDemo2Application.logStarted - Started SpringDemo2Application in 2.898 seconds (JVM running for 3.414)
25-11-2022 12:18:30 [http-nio-8080-exec-5] INFO  c.m.S.c.MedicamentoController.obtenerMedicamentos - GET|202
25-11-2022 12:18:30 [http-nio-8080-exec-5] INFO  c.m.S.c.MedicamentoController.obtenerMedicamentos - GET|200
25-11-2022 12:18:34 [http-nio-8080-exec-7] INFO  c.m.S.c.SeleniumScrapingController.scraping - GET|202
25-11-2022 12:18:34 [http-nio-8080-exec-8] INFO  c.m.S.c.SeleniumScrapingController.obtenerSitiosWeb - GET|202
25-11-2022 12:18:34 [http-nio-8080-exec-8] INFO  c.m.S.c.SeleniumScrapingController.obtenerSitiosWeb - GET|200
25-11-2022 12:22:02 [http-nio-8080-exec-7] INFO  c.m.S.c.SeleniumScrapingController.scraping - GET|200
25-11-2022 14:34:34 [main] INFO  c.m.S.SpringDemo2Application.logStarting - Starting SpringDemo2Application using Java 1.8.0_202 on DESKTOP-IAVCGJR with PID 19960 (C:\Users\mromo\OneDrive\Escritorio\Spring_demo2\target\classes started by mromo in C:\Users\mromo\OneDrive\Escritorio\Spring_demo2)
25-11-2022 14:34:34 [main] INFO  c.m.S.SpringDemo2Application.logStartupProfileInfo - No active profile set, falling back to 1 default profile: "default"
25-11-2022 14:34:36 [main] INFO  c.m.S.SpringDemo2Application.logStarted - Started SpringDemo2Application in 2.814 seconds (JVM running for 3.255)
25-11-2022 14:43:21 [http-nio-8080-exec-7] INFO  c.m.S.c.SeleniumScrapingController.obtenerSitiosWeb - GET|202
25-11-2022 14:43:21 [http-nio-8080-exec-7] INFO  c.m.S.c.SeleniumScrapingController.obtenerSitiosWeb - GET|200
25-11-2022 14:45:16 [http-nio-8080-exec-3] INFO  c.m.S.c.MedicamentoController.obtenerMedicamentos - GET|202
25-11-2022 14:45:16 [http-nio-8080-exec-3] INFO  c.m.S.c.MedicamentoController.obtenerMedicamentos - GET|200
25-11-2022 16:00:17 [http-nio-8080-exec-5] INFO  c.m.S.c.SeleniumScrapingController.obtenerSitiosWeb - GET|202
25-11-2022 16:00:17 [http-nio-8080-exec-5] INFO  c.m.S.c.SeleniumScrapingController.obtenerSitiosWeb - GET|200
25-11-2022 16:01:46 [http-nio-8080-exec-6] INFO  c.m.S.c.SeleniumScrapingController.obtenerSitioWeb - GET|202|userena.cl
25-11-2022 16:01:46 [http-nio-8080-exec-6] INFO  c.m.S.c.SeleniumScrapingController.obtenerSitioWeb - GET|200|userena.cl
25-11-2022 16:01:53 [http-nio-8080-exec-8] INFO  c.m.S.c.SeleniumScrapingController.obtenerSitioWeb - GET|202|farmaciasahumadas
25-11-2022 16:01:53 [http-nio-8080-exec-8] INFO  c.m.S.c.SeleniumScrapingController.obtenerSitioWeb - GET|200|farmaciasahumadas
25-11-2022 16:01:58 [http-nio-8080-exec-10] INFO  c.m.S.c.SeleniumScrapingController.obtenerSitioWeb - GET|202|farmaciaahumadas
25-11-2022 16:01:58 [http-nio-8080-exec-10] INFO  c.m.S.c.SeleniumScrapingController.obtenerSitioWeb - GET|200|farmaciaahumadas
25-11-2022 16:02:03 [http-nio-8080-exec-3] INFO  c.m.S.c.SeleniumScrapingController.obtenerSitioWeb - GET|202|farmaciaahumada
25-11-2022 16:02:03 [http-nio-8080-exec-3] INFO  c.m.S.c.SeleniumScrapingController.obtenerSitioWeb - GET|200|farmaciaahumada
25-11-2022 16:02:08 [http-nio-8080-exec-4] INFO  c.m.S.c.SeleniumScrapingController.obtenerSitioWeb - GET|202|farmaciahumada
25-11-2022 16:02:08 [http-nio-8080-exec-4] INFO  c.m.S.c.SeleniumScrapingController.obtenerSitioWeb - GET|200|farmaciahumada
25-11-2022 16:02:16 [http-nio-8080-exec-7] INFO  c.m.S.c.SeleniumScrapingController.obtenerSitioWeb - GET|202|salcobrand
25-11-2022 16:02:16 [http-nio-8080-exec-7] INFO  c.m.S.c.SeleniumScrapingController.obtenerSitioWeb - GET|200|salcobrand
25-11-2022 16:03:27 [http-nio-8080-exec-4] INFO  c.m.S.c.MedicamentoController.obtenerMedicamentos - GET|202
25-11-2022 16:03:27 [http-nio-8080-exec-4] INFO  c.m.S.c.MedicamentoController.obtenerMedicamentos - GET|200
25-11-2022 16:03:53 [http-nio-8080-exec-10] INFO  c.m.S.c.MedicamentoController.obtenerMedicamentoPorNombre - GET|202|multiflora
25-11-2022 16:03:53 [http-nio-8080-exec-10] INFO  c.m.S.c.MedicamentoController.obtenerMedicamentoPorNombre - GET|200|multiflora
25-11-2022 16:04:27 [http-nio-8080-exec-8] INFO  c.m.S.c.SeleniumScrapingController.scraping - GET|202
25-11-2022 16:04:27 [http-nio-8080-exec-9] INFO  c.m.S.c.SeleniumScrapingController.obtenerSitiosWeb - GET|202
25-11-2022 16:04:27 [http-nio-8080-exec-9] INFO  c.m.S.c.SeleniumScrapingController.obtenerSitiosWeb - GET|200
25-11-2022 16:05:59 [http-nio-8080-exec-3] INFO  c.m.S.c.MedicamentoController.obtenerMedicamentos - GET|202
25-11-2022 16:06:00 [http-nio-8080-exec-3] INFO  c.m.S.c.MedicamentoController.obtenerMedicamentos - GET|200
25-11-2022 21:06:09 [http-nio-8080-exec-8] INFO  c.m.S.c.SeleniumScrapingController.scraping - GET|200
